[debug] [2020-12-31T19:20:14.542Z] ----------------------------------------------------------------------
[debug] [2020-12-31T19:20:14.543Z] Command:       /usr/bin/node /usr/bin/firebase deploy
[debug] [2020-12-31T19:20:14.544Z] CLI Version:   9.1.0
[debug] [2020-12-31T19:20:14.544Z] Platform:      linux
[debug] [2020-12-31T19:20:14.544Z] Node Version:  v14.15.3
[debug] [2020-12-31T19:20:14.544Z] Time:          Fri Jan 01 2021 00:50:14 GMT+0530 (India Standard Time)
[debug] [2020-12-31T19:20:14.544Z] ----------------------------------------------------------------------
[debug] [2020-12-31T19:20:14.544Z] 
[debug] [2020-12-31T19:20:14.548Z] > command requires scopes: ["email","openid","https://www.googleapis.com/auth/cloudplatformprojects.readonly","https://www.googleapis.com/auth/firebase","https://www.googleapis.com/auth/cloud-platform"]
[debug] [2020-12-31T19:20:14.549Z] > authorizing via signed-in user
[debug] [2020-12-31T19:20:14.549Z] [iam] checking project paste-up-3115e for permissions ["firebase.projects.get","firebasehosting.sites.update"]
[debug] [2020-12-31T19:20:14.551Z] >>> HTTP REQUEST POST https://cloudresourcemanager.googleapis.com/v1/projects/paste-up-3115e:testIamPermissions  
 {"permissions":["firebase.projects.get","firebasehosting.sites.update"]}
[debug] [2020-12-31T19:20:16.184Z] <<< HTTP RESPONSE 200 {"content-type":"application/json; charset=UTF-8","vary":"X-Origin, Referer, Origin,Accept-Encoding","date":"Thu, 31 Dec 2020 19:20:16 GMT","server":"ESF","cache-control":"private","x-xss-protection":"0","x-frame-options":"SAMEORIGIN","x-content-type-options":"nosniff","server-timing":"gfet4t7; dur=1219","alt-svc":"h3-29=\":443\"; ma=2592000,h3-T051=\":443\"; ma=2592000,h3-Q050=\":443\"; ma=2592000,h3-Q046=\":443\"; ma=2592000,h3-Q043=\":443\"; ma=2592000,quic=\":443\"; ma=2592000; v=\"46,43\"","accept-ranges":"none","transfer-encoding":"chunked"}
[debug] [2020-12-31T19:20:16.189Z] >>> HTTP REQUEST GET https://firebase.googleapis.com/v1beta1/projects/paste-up-3115e  
 
[debug] [2020-12-31T19:20:16.815Z] <<< HTTP RESPONSE 200 {"content-type":"application/json; charset=UTF-8","vary":"X-Origin, Referer, Origin,Accept-Encoding","date":"Thu, 31 Dec 2020 19:20:16 GMT","server":"ESF","cache-control":"private","x-xss-protection":"0","x-frame-options":"SAMEORIGIN","x-content-type-options":"nosniff","alt-svc":"h3-29=\":443\"; ma=2592000,h3-T051=\":443\"; ma=2592000,h3-Q050=\":443\"; ma=2592000,h3-Q046=\":443\"; ma=2592000,h3-Q043=\":443\"; ma=2592000,quic=\":443\"; ma=2592000; v=\"46,43\"","accept-ranges":"none","transfer-encoding":"chunked"}
[info] 
[info] === Deploying to 'paste-up-3115e'...
[info] 
[info] i  deploying hosting 
[debug] [2020-12-31T19:20:16.821Z] >>> HTTP REQUEST POST https://firebasehosting.googleapis.com/v1beta1/sites/paste-up-3115e/versions  
 {"config":{"rewrites":[{"glob":"**","path":"/index.html"}]},"labels":{"deployment-tool":"cli-firebase"}}
[debug] [2020-12-31T19:20:19.692Z] <<< HTTP RESPONSE 200 {"content-type":"application/json; charset=UTF-8","vary":"X-Origin, Referer, Origin,Accept-Encoding","date":"Thu, 31 Dec 2020 19:20:19 GMT","server":"ESF","cache-control":"private","x-xss-protection":"0","x-frame-options":"SAMEORIGIN","x-content-type-options":"nosniff","alt-svc":"h3-29=\":443\"; ma=2592000,h3-T051=\":443\"; ma=2592000,h3-Q050=\":443\"; ma=2592000,h3-Q046=\":443\"; ma=2592000,h3-Q043=\":443\"; ma=2592000,quic=\":443\"; ma=2592000; v=\"46,43\"","accept-ranges":"none","transfer-encoding":"chunked"}
[info] i  hosting[paste-up-3115e]: beginning deploy... 
[info] i  hosting[paste-up-3115e]: found 14 files in build 
[debug] [2020-12-31T19:20:19.718Z] [hosting] hash cache [YnVpbGQ] not populated
[debug] [2020-12-31T19:20:20.023Z] > refreshing access token with scopes: []
[debug] [2020-12-31T19:20:20.023Z] >>> HTTP REQUEST POST https://www.googleapis.com/oauth2/v3/token  
 <request body omitted>
[debug] [2020-12-31T19:20:20.025Z] [hosting] hash cache [YnVpbGQ] stored for 14 files
[debug] [2020-12-31T19:20:20.025Z] [hosting][hash queue][FINAL] {"max":298,"min":9,"avg":33.5,"active":0,"complete":14,"success":14,"errored":0,"retried":0,"total":14,"elapsed":306}
[debug] [2020-12-31T19:20:20.446Z] <<< HTTP RESPONSE 200 {"expires":"Mon, 01 Jan 1990 00:00:00 GMT","cache-control":"no-cache, no-store, max-age=0, must-revalidate","date":"Thu, 31 Dec 2020 19:20:20 GMT","pragma":"no-cache","content-type":"application/json; charset=utf-8","vary":"X-Origin, Referer, Origin,Accept-Encoding","server":"scaffolding on HTTPServer2","x-xss-protection":"0","x-frame-options":"SAMEORIGIN","x-content-type-options":"nosniff","alt-svc":"h3-29=\":443\"; ma=2592000,h3-T051=\":443\"; ma=2592000,h3-Q050=\":443\"; ma=2592000,h3-Q046=\":443\"; ma=2592000,h3-Q043=\":443\"; ma=2592000,quic=\":443\"; ma=2592000; v=\"46,43\"","accept-ranges":"none","transfer-encoding":"chunked"}
[debug] [2020-12-31T19:20:20.477Z] >>> [apiv2][query] POST https://firebasehosting.googleapis.com/v1beta1/sites/paste-up-3115e/versions/63c3e7a35f4339de:populateFiles [none]
[debug] [2020-12-31T19:20:20.478Z] >>> [apiv2][body] POST https://firebasehosting.googleapis.com/v1beta1/sites/paste-up-3115e/versions/63c3e7a35f4339de:populateFiles {"files":{"/asset-manifest.json":"9e5cb6ee75cbe8fc55b482a564df1c0fc5f774fa849a837652ccf3bfd5318c85","/bg1.svg":"4178b25292475479571f5e551773db6bf591ef4ec7d0ce6b35869ebc0f03270a","/index.html":"db55be2314522c7c009f364df4f19544d325ddfedb5229f6927b306f5ac00e0d","/static/css/main.4c889745.chunk.css":"8df6100525d3b5bcaf26a4ac54889193ed187f0b8aed5e2ee23c0668f51582fe","/static/css/2.17bf6d65.chunk.css":"6b802477d3ddffd96e26347424b8cbe1705e7195c32176ee4c9d5578d14048e7","/static/css/main.4c889745.chunk.css.map":"009409fd84660cb6b64eb0afa7395fd03656bf45b6f0f18e299e0f5ed558dd88","/static/js/2.196231ca.chunk.js.LICENSE.txt":"324458ff0719270e8f72bb07e89d4726ab19b33c117f8521577322151399fba4","/static/css/2.17bf6d65.chunk.css.map":"a2d30a987bc39a59608103a61e1413e58c3c54833241606c812b6dc088c23cc0","/static/js/main.2a37eb1f.chunk.js":"c3d38fb695644bbad2e8dd6168ff4019f5c3ff12c66b8087ee0d7ffb0134833c","/static/js/runtime-main.c60b7f5c.js":"22b654971fe0bbd3411397a22ee4c102663ed0950fb8b1393147819d70e85369","/static/js/main.2a37eb1f.chunk.js.map":"a9d3de66b109d32ad1c0d49dea853294c26f317e389ea6b88759f77d0daba6e6","/static/js/runtime-main.c60b7f5c.js.map":"0e5ddb904e31eba46e30ca029a0ed7a4043264a5fd1c9065cbd6cebbb568afd8","/static/js/2.196231ca.chunk.js":"a6898d9a1d236a1af75954920fdf20e6b7b211a196f67bb144ba2008b0c8ba1b","/static/js/2.196231ca.chunk.js.map":"4766efb65314d6aea2ca5a5ffb6609341b2af964584f7294dce42a46e7a73448"}}
[debug] [2020-12-31T19:20:22.578Z] <<< [apiv2][status] POST https://firebasehosting.googleapis.com/v1beta1/sites/paste-up-3115e/versions/63c3e7a35f4339de:populateFiles 200
[debug] [2020-12-31T19:20:22.579Z] <<< [apiv2][body] POST https://firebasehosting.googleapis.com/v1beta1/sites/paste-up-3115e/versions/63c3e7a35f4339de:populateFiles {"uploadRequiredHashes":["c3d38fb695644bbad2e8dd6168ff4019f5c3ff12c66b8087ee0d7ffb0134833c","22b654971fe0bbd3411397a22ee4c102663ed0950fb8b1393147819d70e85369","a6898d9a1d236a1af75954920fdf20e6b7b211a196f67bb144ba2008b0c8ba1b","a2d30a987bc39a59608103a61e1413e58c3c54833241606c812b6dc088c23cc0","324458ff0719270e8f72bb07e89d4726ab19b33c117f8521577322151399fba4","a9d3de66b109d32ad1c0d49dea853294c26f317e389ea6b88759f77d0daba6e6","6b802477d3ddffd96e26347424b8cbe1705e7195c32176ee4c9d5578d14048e7","8df6100525d3b5bcaf26a4ac54889193ed187f0b8aed5e2ee23c0668f51582fe","4178b25292475479571f5e551773db6bf591ef4ec7d0ce6b35869ebc0f03270a","db55be2314522c7c009f364df4f19544d325ddfedb5229f6927b306f5ac00e0d","009409fd84660cb6b64eb0afa7395fd03656bf45b6f0f18e299e0f5ed558dd88","9e5cb6ee75cbe8fc55b482a564df1c0fc5f774fa849a837652ccf3bfd5318c85","0e5ddb904e31eba46e30ca029a0ed7a4043264a5fd1c9065cbd6cebbb568afd8","4766efb65314d6aea2ca5a5ffb6609341b2af964584f7294dce42a46e7a73448"],"uploadUrl":"https://upload-firebasehosting.googleapis.com/upload/sites/paste-up-3115e/versions/63c3e7a35f4339de/files"}
[debug] [2020-12-31T19:20:22.581Z] >>> [apiv2][query] POST https://upload-firebasehosting.googleapis.com/upload/sites/paste-up-3115e/versions/63c3e7a35f4339de/files/c3d38fb695644bbad2e8dd6168ff4019f5c3ff12c66b8087ee0d7ffb0134833c [none]
[debug] [2020-12-31T19:20:22.581Z] >>> [apiv2][body] POST https://upload-firebasehosting.googleapis.com/upload/sites/paste-up-3115e/versions/63c3e7a35f4339de/files/c3d38fb695644bbad2e8dd6168ff4019f5c3ff12c66b8087ee0d7ffb0134833c [stream]
[debug] [2020-12-31T19:20:22.582Z] >>> [apiv2][query] POST https://upload-firebasehosting.googleapis.com/upload/sites/paste-up-3115e/versions/63c3e7a35f4339de/files/22b654971fe0bbd3411397a22ee4c102663ed0950fb8b1393147819d70e85369 [none]
[debug] [2020-12-31T19:20:22.582Z] >>> [apiv2][body] POST https://upload-firebasehosting.googleapis.com/upload/sites/paste-up-3115e/versions/63c3e7a35f4339de/files/22b654971fe0bbd3411397a22ee4c102663ed0950fb8b1393147819d70e85369 [stream]
[debug] [2020-12-31T19:20:22.583Z] >>> [apiv2][query] POST https://upload-firebasehosting.googleapis.com/upload/sites/paste-up-3115e/versions/63c3e7a35f4339de/files/a6898d9a1d236a1af75954920fdf20e6b7b211a196f67bb144ba2008b0c8ba1b [none]
[debug] [2020-12-31T19:20:22.583Z] >>> [apiv2][body] POST https://upload-firebasehosting.googleapis.com/upload/sites/paste-up-3115e/versions/63c3e7a35f4339de/files/a6898d9a1d236a1af75954920fdf20e6b7b211a196f67bb144ba2008b0c8ba1b [stream]
[debug] [2020-12-31T19:20:22.584Z] >>> [apiv2][query] POST https://upload-firebasehosting.googleapis.com/upload/sites/paste-up-3115e/versions/63c3e7a35f4339de/files/a2d30a987bc39a59608103a61e1413e58c3c54833241606c812b6dc088c23cc0 [none]
[debug] [2020-12-31T19:20:22.584Z] >>> [apiv2][body] POST https://upload-firebasehosting.googleapis.com/upload/sites/paste-up-3115e/versions/63c3e7a35f4339de/files/a2d30a987bc39a59608103a61e1413e58c3c54833241606c812b6dc088c23cc0 [stream]
[debug] [2020-12-31T19:20:22.584Z] >>> [apiv2][query] POST https://upload-firebasehosting.googleapis.com/upload/sites/paste-up-3115e/versions/63c3e7a35f4339de/files/324458ff0719270e8f72bb07e89d4726ab19b33c117f8521577322151399fba4 [none]
[debug] [2020-12-31T19:20:22.584Z] >>> [apiv2][body] POST https://upload-firebasehosting.googleapis.com/upload/sites/paste-up-3115e/versions/63c3e7a35f4339de/files/324458ff0719270e8f72bb07e89d4726ab19b33c117f8521577322151399fba4 [stream]
[debug] [2020-12-31T19:20:22.585Z] >>> [apiv2][query] POST https://upload-firebasehosting.googleapis.com/upload/sites/paste-up-3115e/versions/63c3e7a35f4339de/files/a9d3de66b109d32ad1c0d49dea853294c26f317e389ea6b88759f77d0daba6e6 [none]
[debug] [2020-12-31T19:20:22.585Z] >>> [apiv2][body] POST https://upload-firebasehosting.googleapis.com/upload/sites/paste-up-3115e/versions/63c3e7a35f4339de/files/a9d3de66b109d32ad1c0d49dea853294c26f317e389ea6b88759f77d0daba6e6 [stream]
[debug] [2020-12-31T19:20:22.586Z] >>> [apiv2][query] POST https://upload-firebasehosting.googleapis.com/upload/sites/paste-up-3115e/versions/63c3e7a35f4339de/files/6b802477d3ddffd96e26347424b8cbe1705e7195c32176ee4c9d5578d14048e7 [none]
[debug] [2020-12-31T19:20:22.586Z] >>> [apiv2][body] POST https://upload-firebasehosting.googleapis.com/upload/sites/paste-up-3115e/versions/63c3e7a35f4339de/files/6b802477d3ddffd96e26347424b8cbe1705e7195c32176ee4c9d5578d14048e7 [stream]
[debug] [2020-12-31T19:20:22.586Z] >>> [apiv2][query] POST https://upload-firebasehosting.googleapis.com/upload/sites/paste-up-3115e/versions/63c3e7a35f4339de/files/8df6100525d3b5bcaf26a4ac54889193ed187f0b8aed5e2ee23c0668f51582fe [none]
[debug] [2020-12-31T19:20:22.586Z] >>> [apiv2][body] POST https://upload-firebasehosting.googleapis.com/upload/sites/paste-up-3115e/versions/63c3e7a35f4339de/files/8df6100525d3b5bcaf26a4ac54889193ed187f0b8aed5e2ee23c0668f51582fe [stream]
[debug] [2020-12-31T19:20:22.587Z] >>> [apiv2][query] POST https://upload-firebasehosting.googleapis.com/upload/sites/paste-up-3115e/versions/63c3e7a35f4339de/files/4178b25292475479571f5e551773db6bf591ef4ec7d0ce6b35869ebc0f03270a [none]
[debug] [2020-12-31T19:20:22.587Z] >>> [apiv2][body] POST https://upload-firebasehosting.googleapis.com/upload/sites/paste-up-3115e/versions/63c3e7a35f4339de/files/4178b25292475479571f5e551773db6bf591ef4ec7d0ce6b35869ebc0f03270a [stream]
[debug] [2020-12-31T19:20:22.587Z] >>> [apiv2][query] POST https://upload-firebasehosting.googleapis.com/upload/sites/paste-up-3115e/versions/63c3e7a35f4339de/files/db55be2314522c7c009f364df4f19544d325ddfedb5229f6927b306f5ac00e0d [none]
[debug] [2020-12-31T19:20:22.588Z] >>> [apiv2][body] POST https://upload-firebasehosting.googleapis.com/upload/sites/paste-up-3115e/versions/63c3e7a35f4339de/files/db55be2314522c7c009f364df4f19544d325ddfedb5229f6927b306f5ac00e0d [stream]
[debug] [2020-12-31T19:20:22.588Z] >>> [apiv2][query] POST https://upload-firebasehosting.googleapis.com/upload/sites/paste-up-3115e/versions/63c3e7a35f4339de/files/009409fd84660cb6b64eb0afa7395fd03656bf45b6f0f18e299e0f5ed558dd88 [none]
[debug] [2020-12-31T19:20:22.588Z] >>> [apiv2][body] POST https://upload-firebasehosting.googleapis.com/upload/sites/paste-up-3115e/versions/63c3e7a35f4339de/files/009409fd84660cb6b64eb0afa7395fd03656bf45b6f0f18e299e0f5ed558dd88 [stream]
[debug] [2020-12-31T19:20:22.589Z] >>> [apiv2][query] POST https://upload-firebasehosting.googleapis.com/upload/sites/paste-up-3115e/versions/63c3e7a35f4339de/files/9e5cb6ee75cbe8fc55b482a564df1c0fc5f774fa849a837652ccf3bfd5318c85 [none]
[debug] [2020-12-31T19:20:22.589Z] >>> [apiv2][body] POST https://upload-firebasehosting.googleapis.com/upload/sites/paste-up-3115e/versions/63c3e7a35f4339de/files/9e5cb6ee75cbe8fc55b482a564df1c0fc5f774fa849a837652ccf3bfd5318c85 [stream]
[debug] [2020-12-31T19:20:22.589Z] >>> [apiv2][query] POST https://upload-firebasehosting.googleapis.com/upload/sites/paste-up-3115e/versions/63c3e7a35f4339de/files/0e5ddb904e31eba46e30ca029a0ed7a4043264a5fd1c9065cbd6cebbb568afd8 [none]
[debug] [2020-12-31T19:20:22.589Z] >>> [apiv2][body] POST https://upload-firebasehosting.googleapis.com/upload/sites/paste-up-3115e/versions/63c3e7a35f4339de/files/0e5ddb904e31eba46e30ca029a0ed7a4043264a5fd1c9065cbd6cebbb568afd8 [stream]
[debug] [2020-12-31T19:20:22.592Z] >>> [apiv2][query] POST https://upload-firebasehosting.googleapis.com/upload/sites/paste-up-3115e/versions/63c3e7a35f4339de/files/4766efb65314d6aea2ca5a5ffb6609341b2af964584f7294dce42a46e7a73448 [none]
[debug] [2020-12-31T19:20:22.592Z] >>> [apiv2][body] POST https://upload-firebasehosting.googleapis.com/upload/sites/paste-up-3115e/versions/63c3e7a35f4339de/files/4766efb65314d6aea2ca5a5ffb6609341b2af964584f7294dce42a46e7a73448 [stream]
[debug] [2020-12-31T19:20:22.593Z] [hosting][populate queue][FINAL] {"max":2559,"min":2559,"avg":2559,"active":0,"complete":1,"success":1,"errored":0,"retried":0,"total":1,"elapsed":2571}
[debug] [2020-12-31T19:20:22.594Z] [hosting] uploads queued: 14
[debug] [2020-12-31T19:20:52.984Z] [uploadQueue] Retrying task c3d38fb695644bbad2e8dd6168ff4019f5c3ff12c66b8087ee0d7ffb0134833c
[debug] [2020-12-31T19:20:52.987Z] >>> [apiv2][query] POST https://upload-firebasehosting.googleapis.com/upload/sites/paste-up-3115e/versions/63c3e7a35f4339de/files/c3d38fb695644bbad2e8dd6168ff4019f5c3ff12c66b8087ee0d7ffb0134833c [none]
[debug] [2020-12-31T19:20:52.988Z] >>> [apiv2][body] POST https://upload-firebasehosting.googleapis.com/upload/sites/paste-up-3115e/versions/63c3e7a35f4339de/files/c3d38fb695644bbad2e8dd6168ff4019f5c3ff12c66b8087ee0d7ffb0134833c [stream]
[debug] [2020-12-31T19:20:52.991Z] [uploadQueue] Retrying task 22b654971fe0bbd3411397a22ee4c102663ed0950fb8b1393147819d70e85369
[debug] [2020-12-31T19:20:52.992Z] >>> [apiv2][query] POST https://upload-firebasehosting.googleapis.com/upload/sites/paste-up-3115e/versions/63c3e7a35f4339de/files/22b654971fe0bbd3411397a22ee4c102663ed0950fb8b1393147819d70e85369 [none]
[debug] [2020-12-31T19:20:52.992Z] >>> [apiv2][body] POST https://upload-firebasehosting.googleapis.com/upload/sites/paste-up-3115e/versions/63c3e7a35f4339de/files/22b654971fe0bbd3411397a22ee4c102663ed0950fb8b1393147819d70e85369 [stream]
[debug] [2020-12-31T19:20:52.993Z] [uploadQueue] Retrying task a6898d9a1d236a1af75954920fdf20e6b7b211a196f67bb144ba2008b0c8ba1b
[debug] [2020-12-31T19:20:52.994Z] >>> [apiv2][query] POST https://upload-firebasehosting.googleapis.com/upload/sites/paste-up-3115e/versions/63c3e7a35f4339de/files/a6898d9a1d236a1af75954920fdf20e6b7b211a196f67bb144ba2008b0c8ba1b [none]
[debug] [2020-12-31T19:20:52.994Z] >>> [apiv2][body] POST https://upload-firebasehosting.googleapis.com/upload/sites/paste-up-3115e/versions/63c3e7a35f4339de/files/a6898d9a1d236a1af75954920fdf20e6b7b211a196f67bb144ba2008b0c8ba1b [stream]
[debug] [2020-12-31T19:20:52.995Z] [uploadQueue] Retrying task a2d30a987bc39a59608103a61e1413e58c3c54833241606c812b6dc088c23cc0
[debug] [2020-12-31T19:20:52.996Z] >>> [apiv2][query] POST https://upload-firebasehosting.googleapis.com/upload/sites/paste-up-3115e/versions/63c3e7a35f4339de/files/a2d30a987bc39a59608103a61e1413e58c3c54833241606c812b6dc088c23cc0 [none]
[debug] [2020-12-31T19:20:52.996Z] >>> [apiv2][body] POST https://upload-firebasehosting.googleapis.com/upload/sites/paste-up-3115e/versions/63c3e7a35f4339de/files/a2d30a987bc39a59608103a61e1413e58c3c54833241606c812b6dc088c23cc0 [stream]
[debug] [2020-12-31T19:20:52.997Z] [uploadQueue] Retrying task 324458ff0719270e8f72bb07e89d4726ab19b33c117f8521577322151399fba4
[debug] [2020-12-31T19:20:52.997Z] >>> [apiv2][query] POST https://upload-firebasehosting.googleapis.com/upload/sites/paste-up-3115e/versions/63c3e7a35f4339de/files/324458ff0719270e8f72bb07e89d4726ab19b33c117f8521577322151399fba4 [none]
[debug] [2020-12-31T19:20:52.997Z] >>> [apiv2][body] POST https://upload-firebasehosting.googleapis.com/upload/sites/paste-up-3115e/versions/63c3e7a35f4339de/files/324458ff0719270e8f72bb07e89d4726ab19b33c117f8521577322151399fba4 [stream]
[debug] [2020-12-31T19:20:52.998Z] [uploadQueue] Retrying task a9d3de66b109d32ad1c0d49dea853294c26f317e389ea6b88759f77d0daba6e6
[debug] [2020-12-31T19:20:52.999Z] >>> [apiv2][query] POST https://upload-firebasehosting.googleapis.com/upload/sites/paste-up-3115e/versions/63c3e7a35f4339de/files/a9d3de66b109d32ad1c0d49dea853294c26f317e389ea6b88759f77d0daba6e6 [none]
[debug] [2020-12-31T19:20:52.999Z] >>> [apiv2][body] POST https://upload-firebasehosting.googleapis.com/upload/sites/paste-up-3115e/versions/63c3e7a35f4339de/files/a9d3de66b109d32ad1c0d49dea853294c26f317e389ea6b88759f77d0daba6e6 [stream]
[debug] [2020-12-31T19:20:53.000Z] [uploadQueue] Retrying task 6b802477d3ddffd96e26347424b8cbe1705e7195c32176ee4c9d5578d14048e7
[debug] [2020-12-31T19:20:53.000Z] >>> [apiv2][query] POST https://upload-firebasehosting.googleapis.com/upload/sites/paste-up-3115e/versions/63c3e7a35f4339de/files/6b802477d3ddffd96e26347424b8cbe1705e7195c32176ee4c9d5578d14048e7 [none]
[debug] [2020-12-31T19:20:53.000Z] >>> [apiv2][body] POST https://upload-firebasehosting.googleapis.com/upload/sites/paste-up-3115e/versions/63c3e7a35f4339de/files/6b802477d3ddffd96e26347424b8cbe1705e7195c32176ee4c9d5578d14048e7 [stream]
[debug] [2020-12-31T19:20:53.001Z] [uploadQueue] Retrying task 8df6100525d3b5bcaf26a4ac54889193ed187f0b8aed5e2ee23c0668f51582fe
[debug] [2020-12-31T19:20:53.001Z] >>> [apiv2][query] POST https://upload-firebasehosting.googleapis.com/upload/sites/paste-up-3115e/versions/63c3e7a35f4339de/files/8df6100525d3b5bcaf26a4ac54889193ed187f0b8aed5e2ee23c0668f51582fe [none]
[debug] [2020-12-31T19:20:53.002Z] >>> [apiv2][body] POST https://upload-firebasehosting.googleapis.com/upload/sites/paste-up-3115e/versions/63c3e7a35f4339de/files/8df6100525d3b5bcaf26a4ac54889193ed187f0b8aed5e2ee23c0668f51582fe [stream]
[debug] [2020-12-31T19:20:53.002Z] [uploadQueue] Retrying task 4178b25292475479571f5e551773db6bf591ef4ec7d0ce6b35869ebc0f03270a
[debug] [2020-12-31T19:20:53.003Z] >>> [apiv2][query] POST https://upload-firebasehosting.googleapis.com/upload/sites/paste-up-3115e/versions/63c3e7a35f4339de/files/4178b25292475479571f5e551773db6bf591ef4ec7d0ce6b35869ebc0f03270a [none]
[debug] [2020-12-31T19:20:53.003Z] >>> [apiv2][body] POST https://upload-firebasehosting.googleapis.com/upload/sites/paste-up-3115e/versions/63c3e7a35f4339de/files/4178b25292475479571f5e551773db6bf591ef4ec7d0ce6b35869ebc0f03270a [stream]
[debug] [2020-12-31T19:20:53.004Z] [uploadQueue] Retrying task db55be2314522c7c009f364df4f19544d325ddfedb5229f6927b306f5ac00e0d
[debug] [2020-12-31T19:20:53.004Z] >>> [apiv2][query] POST https://upload-firebasehosting.googleapis.com/upload/sites/paste-up-3115e/versions/63c3e7a35f4339de/files/db55be2314522c7c009f364df4f19544d325ddfedb5229f6927b306f5ac00e0d [none]
[debug] [2020-12-31T19:20:53.004Z] >>> [apiv2][body] POST https://upload-firebasehosting.googleapis.com/upload/sites/paste-up-3115e/versions/63c3e7a35f4339de/files/db55be2314522c7c009f364df4f19544d325ddfedb5229f6927b306f5ac00e0d [stream]
[debug] [2020-12-31T19:20:53.005Z] [uploadQueue] Retrying task 009409fd84660cb6b64eb0afa7395fd03656bf45b6f0f18e299e0f5ed558dd88
[debug] [2020-12-31T19:20:53.005Z] >>> [apiv2][query] POST https://upload-firebasehosting.googleapis.com/upload/sites/paste-up-3115e/versions/63c3e7a35f4339de/files/009409fd84660cb6b64eb0afa7395fd03656bf45b6f0f18e299e0f5ed558dd88 [none]
[debug] [2020-12-31T19:20:53.006Z] >>> [apiv2][body] POST https://upload-firebasehosting.googleapis.com/upload/sites/paste-up-3115e/versions/63c3e7a35f4339de/files/009409fd84660cb6b64eb0afa7395fd03656bf45b6f0f18e299e0f5ed558dd88 [stream]
[debug] [2020-12-31T19:20:53.006Z] [uploadQueue] Retrying task 9e5cb6ee75cbe8fc55b482a564df1c0fc5f774fa849a837652ccf3bfd5318c85
[debug] [2020-12-31T19:20:53.007Z] >>> [apiv2][query] POST https://upload-firebasehosting.googleapis.com/upload/sites/paste-up-3115e/versions/63c3e7a35f4339de/files/9e5cb6ee75cbe8fc55b482a564df1c0fc5f774fa849a837652ccf3bfd5318c85 [none]
[debug] [2020-12-31T19:20:53.007Z] >>> [apiv2][body] POST https://upload-firebasehosting.googleapis.com/upload/sites/paste-up-3115e/versions/63c3e7a35f4339de/files/9e5cb6ee75cbe8fc55b482a564df1c0fc5f774fa849a837652ccf3bfd5318c85 [stream]
[debug] [2020-12-31T19:20:53.009Z] [uploadQueue] Retrying task 0e5ddb904e31eba46e30ca029a0ed7a4043264a5fd1c9065cbd6cebbb568afd8
[debug] [2020-12-31T19:20:53.009Z] >>> [apiv2][query] POST https://upload-firebasehosting.googleapis.com/upload/sites/paste-up-3115e/versions/63c3e7a35f4339de/files/0e5ddb904e31eba46e30ca029a0ed7a4043264a5fd1c9065cbd6cebbb568afd8 [none]
[debug] [2020-12-31T19:20:53.009Z] >>> [apiv2][body] POST https://upload-firebasehosting.googleapis.com/upload/sites/paste-up-3115e/versions/63c3e7a35f4339de/files/0e5ddb904e31eba46e30ca029a0ed7a4043264a5fd1c9065cbd6cebbb568afd8 [stream]
[debug] [2020-12-31T19:20:53.010Z] [uploadQueue] Retrying task 4766efb65314d6aea2ca5a5ffb6609341b2af964584f7294dce42a46e7a73448
[debug] [2020-12-31T19:20:53.010Z] >>> [apiv2][query] POST https://upload-firebasehosting.googleapis.com/upload/sites/paste-up-3115e/versions/63c3e7a35f4339de/files/4766efb65314d6aea2ca5a5ffb6609341b2af964584f7294dce42a46e7a73448 [none]
[debug] [2020-12-31T19:20:53.010Z] >>> [apiv2][body] POST https://upload-firebasehosting.googleapis.com/upload/sites/paste-up-3115e/versions/63c3e7a35f4339de/files/4766efb65314d6aea2ca5a5ffb6609341b2af964584f7294dce42a46e7a73448 [stream]
[debug] [2020-12-31T19:21:23.788Z] [uploadQueue] Retrying task c3d38fb695644bbad2e8dd6168ff4019f5c3ff12c66b8087ee0d7ffb0134833c
[debug] [2020-12-31T19:21:23.790Z] >>> [apiv2][query] POST https://upload-firebasehosting.googleapis.com/upload/sites/paste-up-3115e/versions/63c3e7a35f4339de/files/c3d38fb695644bbad2e8dd6168ff4019f5c3ff12c66b8087ee0d7ffb0134833c [none]
[debug] [2020-12-31T19:21:23.791Z] >>> [apiv2][body] POST https://upload-firebasehosting.googleapis.com/upload/sites/paste-up-3115e/versions/63c3e7a35f4339de/files/c3d38fb695644bbad2e8dd6168ff4019f5c3ff12c66b8087ee0d7ffb0134833c [stream]
[debug] [2020-12-31T19:21:23.796Z] [uploadQueue] Retrying task 22b654971fe0bbd3411397a22ee4c102663ed0950fb8b1393147819d70e85369
[debug] [2020-12-31T19:21:23.800Z] >>> [apiv2][query] POST https://upload-firebasehosting.googleapis.com/upload/sites/paste-up-3115e/versions/63c3e7a35f4339de/files/22b654971fe0bbd3411397a22ee4c102663ed0950fb8b1393147819d70e85369 [none]
[debug] [2020-12-31T19:21:23.801Z] >>> [apiv2][body] POST https://upload-firebasehosting.googleapis.com/upload/sites/paste-up-3115e/versions/63c3e7a35f4339de/files/22b654971fe0bbd3411397a22ee4c102663ed0950fb8b1393147819d70e85369 [stream]
[debug] [2020-12-31T19:21:23.804Z] [uploadQueue] Retrying task a6898d9a1d236a1af75954920fdf20e6b7b211a196f67bb144ba2008b0c8ba1b
[debug] [2020-12-31T19:21:23.805Z] >>> [apiv2][query] POST https://upload-firebasehosting.googleapis.com/upload/sites/paste-up-3115e/versions/63c3e7a35f4339de/files/a6898d9a1d236a1af75954920fdf20e6b7b211a196f67bb144ba2008b0c8ba1b [none]
[debug] [2020-12-31T19:21:23.805Z] >>> [apiv2][body] POST https://upload-firebasehosting.googleapis.com/upload/sites/paste-up-3115e/versions/63c3e7a35f4339de/files/a6898d9a1d236a1af75954920fdf20e6b7b211a196f67bb144ba2008b0c8ba1b [stream]
[debug] [2020-12-31T19:21:23.807Z] [uploadQueue] Retrying task a2d30a987bc39a59608103a61e1413e58c3c54833241606c812b6dc088c23cc0
[debug] [2020-12-31T19:21:23.808Z] >>> [apiv2][query] POST https://upload-firebasehosting.googleapis.com/upload/sites/paste-up-3115e/versions/63c3e7a35f4339de/files/a2d30a987bc39a59608103a61e1413e58c3c54833241606c812b6dc088c23cc0 [none]
[debug] [2020-12-31T19:21:23.809Z] >>> [apiv2][body] POST https://upload-firebasehosting.googleapis.com/upload/sites/paste-up-3115e/versions/63c3e7a35f4339de/files/a2d30a987bc39a59608103a61e1413e58c3c54833241606c812b6dc088c23cc0 [stream]
[debug] [2020-12-31T19:21:23.813Z] [uploadQueue] Retrying task 324458ff0719270e8f72bb07e89d4726ab19b33c117f8521577322151399fba4
[debug] [2020-12-31T19:21:23.814Z] >>> [apiv2][query] POST https://upload-firebasehosting.googleapis.com/upload/sites/paste-up-3115e/versions/63c3e7a35f4339de/files/324458ff0719270e8f72bb07e89d4726ab19b33c117f8521577322151399fba4 [none]
[debug] [2020-12-31T19:21:23.814Z] >>> [apiv2][body] POST https://upload-firebasehosting.googleapis.com/upload/sites/paste-up-3115e/versions/63c3e7a35f4339de/files/324458ff0719270e8f72bb07e89d4726ab19b33c117f8521577322151399fba4 [stream]
[debug] [2020-12-31T19:21:23.816Z] [uploadQueue] Retrying task a9d3de66b109d32ad1c0d49dea853294c26f317e389ea6b88759f77d0daba6e6
[debug] [2020-12-31T19:21:23.817Z] >>> [apiv2][query] POST https://upload-firebasehosting.googleapis.com/upload/sites/paste-up-3115e/versions/63c3e7a35f4339de/files/a9d3de66b109d32ad1c0d49dea853294c26f317e389ea6b88759f77d0daba6e6 [none]
[debug] [2020-12-31T19:21:23.817Z] >>> [apiv2][body] POST https://upload-firebasehosting.googleapis.com/upload/sites/paste-up-3115e/versions/63c3e7a35f4339de/files/a9d3de66b109d32ad1c0d49dea853294c26f317e389ea6b88759f77d0daba6e6 [stream]
[debug] [2020-12-31T19:21:23.819Z] [uploadQueue] Retrying task 6b802477d3ddffd96e26347424b8cbe1705e7195c32176ee4c9d5578d14048e7
[debug] [2020-12-31T19:21:23.820Z] >>> [apiv2][query] POST https://upload-firebasehosting.googleapis.com/upload/sites/paste-up-3115e/versions/63c3e7a35f4339de/files/6b802477d3ddffd96e26347424b8cbe1705e7195c32176ee4c9d5578d14048e7 [none]
[debug] [2020-12-31T19:21:23.820Z] >>> [apiv2][body] POST https://upload-firebasehosting.googleapis.com/upload/sites/paste-up-3115e/versions/63c3e7a35f4339de/files/6b802477d3ddffd96e26347424b8cbe1705e7195c32176ee4c9d5578d14048e7 [stream]
[debug] [2020-12-31T19:21:23.821Z] [uploadQueue] Retrying task 8df6100525d3b5bcaf26a4ac54889193ed187f0b8aed5e2ee23c0668f51582fe
[debug] [2020-12-31T19:21:23.821Z] >>> [apiv2][query] POST https://upload-firebasehosting.googleapis.com/upload/sites/paste-up-3115e/versions/63c3e7a35f4339de/files/8df6100525d3b5bcaf26a4ac54889193ed187f0b8aed5e2ee23c0668f51582fe [none]
[debug] [2020-12-31T19:21:23.822Z] >>> [apiv2][body] POST https://upload-firebasehosting.googleapis.com/upload/sites/paste-up-3115e/versions/63c3e7a35f4339de/files/8df6100525d3b5bcaf26a4ac54889193ed187f0b8aed5e2ee23c0668f51582fe [stream]
[debug] [2020-12-31T19:21:23.823Z] [uploadQueue] Retrying task 4178b25292475479571f5e551773db6bf591ef4ec7d0ce6b35869ebc0f03270a
[debug] [2020-12-31T19:21:23.823Z] >>> [apiv2][query] POST https://upload-firebasehosting.googleapis.com/upload/sites/paste-up-3115e/versions/63c3e7a35f4339de/files/4178b25292475479571f5e551773db6bf591ef4ec7d0ce6b35869ebc0f03270a [none]
[debug] [2020-12-31T19:21:23.823Z] >>> [apiv2][body] POST https://upload-firebasehosting.googleapis.com/upload/sites/paste-up-3115e/versions/63c3e7a35f4339de/files/4178b25292475479571f5e551773db6bf591ef4ec7d0ce6b35869ebc0f03270a [stream]
[debug] [2020-12-31T19:21:23.824Z] [uploadQueue] Retrying task db55be2314522c7c009f364df4f19544d325ddfedb5229f6927b306f5ac00e0d
[debug] [2020-12-31T19:21:23.825Z] >>> [apiv2][query] POST https://upload-firebasehosting.googleapis.com/upload/sites/paste-up-3115e/versions/63c3e7a35f4339de/files/db55be2314522c7c009f364df4f19544d325ddfedb5229f6927b306f5ac00e0d [none]
[debug] [2020-12-31T19:21:23.825Z] >>> [apiv2][body] POST https://upload-firebasehosting.googleapis.com/upload/sites/paste-up-3115e/versions/63c3e7a35f4339de/files/db55be2314522c7c009f364df4f19544d325ddfedb5229f6927b306f5ac00e0d [stream]
[debug] [2020-12-31T19:21:23.827Z] [uploadQueue] Retrying task 009409fd84660cb6b64eb0afa7395fd03656bf45b6f0f18e299e0f5ed558dd88
[debug] [2020-12-31T19:21:23.827Z] >>> [apiv2][query] POST https://upload-firebasehosting.googleapis.com/upload/sites/paste-up-3115e/versions/63c3e7a35f4339de/files/009409fd84660cb6b64eb0afa7395fd03656bf45b6f0f18e299e0f5ed558dd88 [none]
[debug] [2020-12-31T19:21:23.827Z] >>> [apiv2][body] POST https://upload-firebasehosting.googleapis.com/upload/sites/paste-up-3115e/versions/63c3e7a35f4339de/files/009409fd84660cb6b64eb0afa7395fd03656bf45b6f0f18e299e0f5ed558dd88 [stream]
[debug] [2020-12-31T19:21:23.828Z] [uploadQueue] Retrying task 9e5cb6ee75cbe8fc55b482a564df1c0fc5f774fa849a837652ccf3bfd5318c85
[debug] [2020-12-31T19:21:23.829Z] >>> [apiv2][query] POST https://upload-firebasehosting.googleapis.com/upload/sites/paste-up-3115e/versions/63c3e7a35f4339de/files/9e5cb6ee75cbe8fc55b482a564df1c0fc5f774fa849a837652ccf3bfd5318c85 [none]
[debug] [2020-12-31T19:21:23.829Z] >>> [apiv2][body] POST https://upload-firebasehosting.googleapis.com/upload/sites/paste-up-3115e/versions/63c3e7a35f4339de/files/9e5cb6ee75cbe8fc55b482a564df1c0fc5f774fa849a837652ccf3bfd5318c85 [stream]
[debug] [2020-12-31T19:21:23.830Z] [uploadQueue] Retrying task 0e5ddb904e31eba46e30ca029a0ed7a4043264a5fd1c9065cbd6cebbb568afd8
[debug] [2020-12-31T19:21:23.830Z] >>> [apiv2][query] POST https://upload-firebasehosting.googleapis.com/upload/sites/paste-up-3115e/versions/63c3e7a35f4339de/files/0e5ddb904e31eba46e30ca029a0ed7a4043264a5fd1c9065cbd6cebbb568afd8 [none]
[debug] [2020-12-31T19:21:23.830Z] >>> [apiv2][body] POST https://upload-firebasehosting.googleapis.com/upload/sites/paste-up-3115e/versions/63c3e7a35f4339de/files/0e5ddb904e31eba46e30ca029a0ed7a4043264a5fd1c9065cbd6cebbb568afd8 [stream]
[debug] [2020-12-31T19:21:23.831Z] [uploadQueue] Retrying task 4766efb65314d6aea2ca5a5ffb6609341b2af964584f7294dce42a46e7a73448
[debug] [2020-12-31T19:21:23.831Z] >>> [apiv2][query] POST https://upload-firebasehosting.googleapis.com/upload/sites/paste-up-3115e/versions/63c3e7a35f4339de/files/4766efb65314d6aea2ca5a5ffb6609341b2af964584f7294dce42a46e7a73448 [none]
[debug] [2020-12-31T19:21:23.831Z] >>> [apiv2][body] POST https://upload-firebasehosting.googleapis.com/upload/sites/paste-up-3115e/versions/63c3e7a35f4339de/files/4766efb65314d6aea2ca5a5ffb6609341b2af964584f7294dce42a46e7a73448 [stream]
[debug] [2020-12-31T19:21:55.389Z] [uploadQueue] Retrying task c3d38fb695644bbad2e8dd6168ff4019f5c3ff12c66b8087ee0d7ffb0134833c
[debug] [2020-12-31T19:21:55.390Z] >>> [apiv2][query] POST https://upload-firebasehosting.googleapis.com/upload/sites/paste-up-3115e/versions/63c3e7a35f4339de/files/c3d38fb695644bbad2e8dd6168ff4019f5c3ff12c66b8087ee0d7ffb0134833c [none]
[debug] [2020-12-31T19:21:55.390Z] >>> [apiv2][body] POST https://upload-firebasehosting.googleapis.com/upload/sites/paste-up-3115e/versions/63c3e7a35f4339de/files/c3d38fb695644bbad2e8dd6168ff4019f5c3ff12c66b8087ee0d7ffb0134833c [stream]
[debug] [2020-12-31T19:21:55.400Z] [uploadQueue] Retrying task 22b654971fe0bbd3411397a22ee4c102663ed0950fb8b1393147819d70e85369
[debug] [2020-12-31T19:21:55.401Z] >>> [apiv2][query] POST https://upload-firebasehosting.googleapis.com/upload/sites/paste-up-3115e/versions/63c3e7a35f4339de/files/22b654971fe0bbd3411397a22ee4c102663ed0950fb8b1393147819d70e85369 [none]
[debug] [2020-12-31T19:21:55.401Z] >>> [apiv2][body] POST https://upload-firebasehosting.googleapis.com/upload/sites/paste-up-3115e/versions/63c3e7a35f4339de/files/22b654971fe0bbd3411397a22ee4c102663ed0950fb8b1393147819d70e85369 [stream]
[debug] [2020-12-31T19:21:55.403Z] [uploadQueue] Retrying task a6898d9a1d236a1af75954920fdf20e6b7b211a196f67bb144ba2008b0c8ba1b
[debug] [2020-12-31T19:21:55.404Z] >>> [apiv2][query] POST https://upload-firebasehosting.googleapis.com/upload/sites/paste-up-3115e/versions/63c3e7a35f4339de/files/a6898d9a1d236a1af75954920fdf20e6b7b211a196f67bb144ba2008b0c8ba1b [none]
[debug] [2020-12-31T19:21:55.404Z] >>> [apiv2][body] POST https://upload-firebasehosting.googleapis.com/upload/sites/paste-up-3115e/versions/63c3e7a35f4339de/files/a6898d9a1d236a1af75954920fdf20e6b7b211a196f67bb144ba2008b0c8ba1b [stream]
[debug] [2020-12-31T19:21:55.408Z] [uploadQueue] Retrying task a2d30a987bc39a59608103a61e1413e58c3c54833241606c812b6dc088c23cc0
[debug] [2020-12-31T19:21:55.409Z] >>> [apiv2][query] POST https://upload-firebasehosting.googleapis.com/upload/sites/paste-up-3115e/versions/63c3e7a35f4339de/files/a2d30a987bc39a59608103a61e1413e58c3c54833241606c812b6dc088c23cc0 [none]
[debug] [2020-12-31T19:21:55.409Z] >>> [apiv2][body] POST https://upload-firebasehosting.googleapis.com/upload/sites/paste-up-3115e/versions/63c3e7a35f4339de/files/a2d30a987bc39a59608103a61e1413e58c3c54833241606c812b6dc088c23cc0 [stream]
[debug] [2020-12-31T19:21:55.415Z] [uploadQueue] Retrying task 324458ff0719270e8f72bb07e89d4726ab19b33c117f8521577322151399fba4
[debug] [2020-12-31T19:21:55.415Z] >>> [apiv2][query] POST https://upload-firebasehosting.googleapis.com/upload/sites/paste-up-3115e/versions/63c3e7a35f4339de/files/324458ff0719270e8f72bb07e89d4726ab19b33c117f8521577322151399fba4 [none]
[debug] [2020-12-31T19:21:55.416Z] >>> [apiv2][body] POST https://upload-firebasehosting.googleapis.com/upload/sites/paste-up-3115e/versions/63c3e7a35f4339de/files/324458ff0719270e8f72bb07e89d4726ab19b33c117f8521577322151399fba4 [stream]
[debug] [2020-12-31T19:21:55.419Z] [uploadQueue] Retrying task a9d3de66b109d32ad1c0d49dea853294c26f317e389ea6b88759f77d0daba6e6
[debug] [2020-12-31T19:21:55.419Z] >>> [apiv2][query] POST https://upload-firebasehosting.googleapis.com/upload/sites/paste-up-3115e/versions/63c3e7a35f4339de/files/a9d3de66b109d32ad1c0d49dea853294c26f317e389ea6b88759f77d0daba6e6 [none]
[debug] [2020-12-31T19:21:55.419Z] >>> [apiv2][body] POST https://upload-firebasehosting.googleapis.com/upload/sites/paste-up-3115e/versions/63c3e7a35f4339de/files/a9d3de66b109d32ad1c0d49dea853294c26f317e389ea6b88759f77d0daba6e6 [stream]
[debug] [2020-12-31T19:21:55.422Z] [uploadQueue] Retrying task 6b802477d3ddffd96e26347424b8cbe1705e7195c32176ee4c9d5578d14048e7
[debug] [2020-12-31T19:21:55.422Z] >>> [apiv2][query] POST https://upload-firebasehosting.googleapis.com/upload/sites/paste-up-3115e/versions/63c3e7a35f4339de/files/6b802477d3ddffd96e26347424b8cbe1705e7195c32176ee4c9d5578d14048e7 [none]
[debug] [2020-12-31T19:21:55.422Z] >>> [apiv2][body] POST https://upload-firebasehosting.googleapis.com/upload/sites/paste-up-3115e/versions/63c3e7a35f4339de/files/6b802477d3ddffd96e26347424b8cbe1705e7195c32176ee4c9d5578d14048e7 [stream]
[debug] [2020-12-31T19:21:55.424Z] [uploadQueue] Retrying task 8df6100525d3b5bcaf26a4ac54889193ed187f0b8aed5e2ee23c0668f51582fe
[debug] [2020-12-31T19:21:55.424Z] >>> [apiv2][query] POST https://upload-firebasehosting.googleapis.com/upload/sites/paste-up-3115e/versions/63c3e7a35f4339de/files/8df6100525d3b5bcaf26a4ac54889193ed187f0b8aed5e2ee23c0668f51582fe [none]
[debug] [2020-12-31T19:21:55.424Z] >>> [apiv2][body] POST https://upload-firebasehosting.googleapis.com/upload/sites/paste-up-3115e/versions/63c3e7a35f4339de/files/8df6100525d3b5bcaf26a4ac54889193ed187f0b8aed5e2ee23c0668f51582fe [stream]
[debug] [2020-12-31T19:21:55.425Z] [uploadQueue] Retrying task 4178b25292475479571f5e551773db6bf591ef4ec7d0ce6b35869ebc0f03270a
[debug] [2020-12-31T19:21:55.426Z] >>> [apiv2][query] POST https://upload-firebasehosting.googleapis.com/upload/sites/paste-up-3115e/versions/63c3e7a35f4339de/files/4178b25292475479571f5e551773db6bf591ef4ec7d0ce6b35869ebc0f03270a [none]
[debug] [2020-12-31T19:21:55.426Z] >>> [apiv2][body] POST https://upload-firebasehosting.googleapis.com/upload/sites/paste-up-3115e/versions/63c3e7a35f4339de/files/4178b25292475479571f5e551773db6bf591ef4ec7d0ce6b35869ebc0f03270a [stream]
[debug] [2020-12-31T19:21:55.427Z] [uploadQueue] Retrying task db55be2314522c7c009f364df4f19544d325ddfedb5229f6927b306f5ac00e0d
[debug] [2020-12-31T19:21:55.427Z] >>> [apiv2][query] POST https://upload-firebasehosting.googleapis.com/upload/sites/paste-up-3115e/versions/63c3e7a35f4339de/files/db55be2314522c7c009f364df4f19544d325ddfedb5229f6927b306f5ac00e0d [none]
[debug] [2020-12-31T19:21:55.427Z] >>> [apiv2][body] POST https://upload-firebasehosting.googleapis.com/upload/sites/paste-up-3115e/versions/63c3e7a35f4339de/files/db55be2314522c7c009f364df4f19544d325ddfedb5229f6927b306f5ac00e0d [stream]
[debug] [2020-12-31T19:21:55.428Z] [uploadQueue] Retrying task 009409fd84660cb6b64eb0afa7395fd03656bf45b6f0f18e299e0f5ed558dd88
[debug] [2020-12-31T19:21:55.428Z] >>> [apiv2][query] POST https://upload-firebasehosting.googleapis.com/upload/sites/paste-up-3115e/versions/63c3e7a35f4339de/files/009409fd84660cb6b64eb0afa7395fd03656bf45b6f0f18e299e0f5ed558dd88 [none]
[debug] [2020-12-31T19:21:55.428Z] >>> [apiv2][body] POST https://upload-firebasehosting.googleapis.com/upload/sites/paste-up-3115e/versions/63c3e7a35f4339de/files/009409fd84660cb6b64eb0afa7395fd03656bf45b6f0f18e299e0f5ed558dd88 [stream]
[debug] [2020-12-31T19:21:55.430Z] [uploadQueue] Retrying task 9e5cb6ee75cbe8fc55b482a564df1c0fc5f774fa849a837652ccf3bfd5318c85
[debug] [2020-12-31T19:21:55.430Z] >>> [apiv2][query] POST https://upload-firebasehosting.googleapis.com/upload/sites/paste-up-3115e/versions/63c3e7a35f4339de/files/9e5cb6ee75cbe8fc55b482a564df1c0fc5f774fa849a837652ccf3bfd5318c85 [none]
[debug] [2020-12-31T19:21:55.430Z] >>> [apiv2][body] POST https://upload-firebasehosting.googleapis.com/upload/sites/paste-up-3115e/versions/63c3e7a35f4339de/files/9e5cb6ee75cbe8fc55b482a564df1c0fc5f774fa849a837652ccf3bfd5318c85 [stream]
[debug] [2020-12-31T19:21:55.431Z] [uploadQueue] Retrying task 0e5ddb904e31eba46e30ca029a0ed7a4043264a5fd1c9065cbd6cebbb568afd8
[debug] [2020-12-31T19:21:55.432Z] >>> [apiv2][query] POST https://upload-firebasehosting.googleapis.com/upload/sites/paste-up-3115e/versions/63c3e7a35f4339de/files/0e5ddb904e31eba46e30ca029a0ed7a4043264a5fd1c9065cbd6cebbb568afd8 [none]
[debug] [2020-12-31T19:21:55.432Z] >>> [apiv2][body] POST https://upload-firebasehosting.googleapis.com/upload/sites/paste-up-3115e/versions/63c3e7a35f4339de/files/0e5ddb904e31eba46e30ca029a0ed7a4043264a5fd1c9065cbd6cebbb568afd8 [stream]
[debug] [2020-12-31T19:21:55.433Z] [uploadQueue] Retrying task 4766efb65314d6aea2ca5a5ffb6609341b2af964584f7294dce42a46e7a73448
[debug] [2020-12-31T19:21:55.433Z] >>> [apiv2][query] POST https://upload-firebasehosting.googleapis.com/upload/sites/paste-up-3115e/versions/63c3e7a35f4339de/files/4766efb65314d6aea2ca5a5ffb6609341b2af964584f7294dce42a46e7a73448 [none]
[debug] [2020-12-31T19:21:55.433Z] >>> [apiv2][body] POST https://upload-firebasehosting.googleapis.com/upload/sites/paste-up-3115e/versions/63c3e7a35f4339de/files/4766efb65314d6aea2ca5a5ffb6609341b2af964584f7294dce42a46e7a73448 [stream]
